[debug] [2025-01-08T13:35:57.323Z] ----------------------------------------------------------------------
[debug] [2025-01-08T13:35:57.325Z] Command:       C:\Program Files\nodejs\node.exe C:\Users\tesla\AppData\Roaming\npm\node_modules\firebase-tools\lib\bin\firebase.js init
[debug] [2025-01-08T13:35:57.325Z] CLI Version:   13.29.1
[debug] [2025-01-08T13:35:57.325Z] Platform:      win32
[debug] [2025-01-08T13:35:57.325Z] Node Version:  v22.12.0
[debug] [2025-01-08T13:35:57.325Z] Time:          Wed Jan 08 2025 22:35:57 GMT+0900 (대한민국 표준시)
[debug] [2025-01-08T13:35:57.326Z] ----------------------------------------------------------------------
[debug] 
[debug] [2025-01-08T13:35:57.330Z] > command requires scopes: ["email","openid","https://www.googleapis.com/auth/cloudplatformprojects.readonly","https://www.googleapis.com/auth/firebase","https://www.googleapis.com/auth/cloud-platform"]
[debug] [2025-01-08T13:35:57.331Z] > authorizing via signed-in user (teslahoon@gmail.com)
[info] 
     ######## #### ########  ######## ########     ###     ######  ########
     ##        ##  ##     ## ##       ##     ##  ##   ##  ##       ##
     ######    ##  ########  ######   ########  #########  ######  ######
     ##        ##  ##    ##  ##       ##     ## ##     ##       ## ##
     ##       #### ##     ## ######## ########  ##     ##  ######  ########

You're about to initialize a Firebase project in this directory:

  C:\vs code\project\frontend

Before we get started, keep in mind:

  * You are currently outside your home directory

[info] 
=== Project Setup
[info] 
[info] First, let's associate this project directory with a Firebase project.
[info] You can create multiple project aliases by running firebase use --add, 
[info] but for now we'll just set up a default project.
[info] 
[info] i  If you want to create a project in a Google Cloud organization or folder, please use "firebase projects:create" instead, and return to this command when you've created the project. 
[debug] [2025-01-08T13:37:56.327Z] Checked if tokens are valid: true, expires at: 1736346953495
[debug] [2025-01-08T13:37:56.327Z] Checked if tokens are valid: true, expires at: 1736346953495
[debug] [2025-01-08T13:37:56.328Z] >>> [apiv2][query] POST https://cloudresourcemanager.googleapis.com/v1/projects [none]
[debug] [2025-01-08T13:37:56.328Z] >>> [apiv2][body] POST https://cloudresourcemanager.googleapis.com/v1/projects {"projectId":"readtest","name":"readtest"}
[debug] [2025-01-08T13:37:57.239Z] <<< [apiv2][status] POST https://cloudresourcemanager.googleapis.com/v1/projects 409
[debug] [2025-01-08T13:37:57.239Z] <<< [apiv2][body] POST https://cloudresourcemanager.googleapis.com/v1/projects {"error":{"code":409,"message":"Requested entity already exists","status":"ALREADY_EXISTS"}}
[debug] [2025-01-08T13:37:57.462Z] FirebaseError: Request to https://cloudresourcemanager.googleapis.com/v1/projects had HTTP Error: 409, Requested entity already exists
    at responseToError (C:\Users\tesla\AppData\Roaming\npm\node_modules\firebase-tools\lib\responseToError.js:52:12)
    at RetryOperation._fn (C:\Users\tesla\AppData\Roaming\npm\node_modules\firebase-tools\lib\apiv2.js:312:77)
    at process.processTicksAndRejections (node:internal/process/task_queues:105:5)
[error] 
[error] Error: Failed to create project because there is already a project with ID readtest. Please try again with a unique project ID.
[debug] [2025-01-08T13:38:22.483Z] ----------------------------------------------------------------------
[debug] [2025-01-08T13:38:22.485Z] Command:       C:\Program Files\nodejs\node.exe C:\Users\tesla\AppData\Roaming\npm\node_modules\firebase-tools\lib\bin\firebase.js init
[debug] [2025-01-08T13:38:22.486Z] CLI Version:   13.29.1
[debug] [2025-01-08T13:38:22.486Z] Platform:      win32
[debug] [2025-01-08T13:38:22.486Z] Node Version:  v22.12.0
[debug] [2025-01-08T13:38:22.486Z] Time:          Wed Jan 08 2025 22:38:22 GMT+0900 (대한민국 표준시)
[debug] [2025-01-08T13:38:22.486Z] ----------------------------------------------------------------------
[debug] 
[debug] [2025-01-08T13:38:22.491Z] > command requires scopes: ["email","openid","https://www.googleapis.com/auth/cloudplatformprojects.readonly","https://www.googleapis.com/auth/firebase","https://www.googleapis.com/auth/cloud-platform"]
[debug] [2025-01-08T13:38:22.491Z] > authorizing via signed-in user (teslahoon@gmail.com)
[info] 
     ######## #### ########  ######## ########     ###     ######  ########
     ##        ##  ##     ## ##       ##     ##  ##   ##  ##       ##
     ######    ##  ########  ######   ########  #########  ######  ######
     ##        ##  ##    ##  ##       ##     ## ##     ##       ## ##
     ##       #### ##     ## ######## ########  ##     ##  ######  ########

You're about to initialize a Firebase project in this directory:

  C:\vs code\project\frontend

Before we get started, keep in mind:

  * You are currently outside your home directory

[info] 
=== Project Setup
[info] 
[info] First, let's associate this project directory with a Firebase project.
[info] You can create multiple project aliases by running firebase use --add, 
[info] but for now we'll just set up a default project.
[info] 
[debug] [2025-01-08T13:38:35.054Z] Checked if tokens are valid: true, expires at: 1736346953495
[debug] [2025-01-08T13:38:35.054Z] Checked if tokens are valid: true, expires at: 1736346953495
[debug] [2025-01-08T13:38:35.055Z] >>> [apiv2][query] GET https://firebase.googleapis.com/v1beta1/projects pageSize=100
[debug] [2025-01-08T13:38:35.728Z] <<< [apiv2][status] GET https://firebase.googleapis.com/v1beta1/projects 200
[debug] [2025-01-08T13:38:35.728Z] <<< [apiv2][body] GET https://firebase.googleapis.com/v1beta1/projects [omitted]
[info] i  Using project easylogin-12a15 (easylogin) 
[info] 
=== Dataconnect Setup
[debug] [2025-01-08T13:38:38.760Z] Checked if tokens are valid: true, expires at: 1736346953495
[debug] [2025-01-08T13:38:38.760Z] Checked if tokens are valid: true, expires at: 1736346953495
[debug] [2025-01-08T13:38:38.760Z] >>> [apiv2][query] GET https://cloudbilling.googleapis.com/v1/projects/easylogin-12a15/billingInfo [none]
[debug] [2025-01-08T13:38:39.250Z] <<< [apiv2][status] GET https://cloudbilling.googleapis.com/v1/projects/easylogin-12a15/billingInfo 200
[debug] [2025-01-08T13:38:39.250Z] <<< [apiv2][body] GET https://cloudbilling.googleapis.com/v1/projects/easylogin-12a15/billingInfo {"name":"projects/easylogin-12a15/billingInfo","projectId":"easylogin-12a15","billingAccountName":"","billingEnabled":false}
[info] i  dataconnect: ensuring required API sqladmin.googleapis.com is enabled... 
[debug] [2025-01-08T13:38:39.250Z] Checked if tokens are valid: true, expires at: 1736346953495
[debug] [2025-01-08T13:38:39.250Z] Checked if tokens are valid: true, expires at: 1736346953495
[debug] [2025-01-08T13:38:39.250Z] >>> [apiv2][query] GET https://serviceusage.googleapis.com/v1/projects/easylogin-12a15/services/sqladmin.googleapis.com [none]
[debug] [2025-01-08T13:38:39.250Z] >>> [apiv2][(partial)header] GET https://serviceusage.googleapis.com/v1/projects/easylogin-12a15/services/sqladmin.googleapis.com x-goog-quota-user=projects/easylogin-12a15
[debug] [2025-01-08T13:38:39.913Z] <<< [apiv2][status] GET https://serviceusage.googleapis.com/v1/projects/easylogin-12a15/services/sqladmin.googleapis.com 200
[debug] [2025-01-08T13:38:39.913Z] <<< [apiv2][body] GET https://serviceusage.googleapis.com/v1/projects/easylogin-12a15/services/sqladmin.googleapis.com [omitted]
[warn] !  dataconnect: missing required API sqladmin.googleapis.com. Enabling now... 
[debug] [2025-01-08T13:38:39.914Z] Checked if tokens are valid: true, expires at: 1736346953495
[debug] [2025-01-08T13:38:39.914Z] Checked if tokens are valid: true, expires at: 1736346953495
[debug] [2025-01-08T13:38:39.914Z] >>> [apiv2][query] POST https://serviceusage.googleapis.com/v1/projects/easylogin-12a15/services/sqladmin.googleapis.com:enable [none]
[debug] [2025-01-08T13:38:39.914Z] >>> [apiv2][(partial)header] POST https://serviceusage.googleapis.com/v1/projects/easylogin-12a15/services/sqladmin.googleapis.com:enable x-goog-quota-user=projects/easylogin-12a15
[debug] [2025-01-08T13:38:40.983Z] <<< [apiv2][status] POST https://serviceusage.googleapis.com/v1/projects/easylogin-12a15/services/sqladmin.googleapis.com:enable 200
[debug] [2025-01-08T13:38:40.983Z] <<< [apiv2][body] POST https://serviceusage.googleapis.com/v1/projects/easylogin-12a15/services/sqladmin.googleapis.com:enable [omitted]
[debug] [2025-01-08T13:38:50.997Z] Checked if tokens are valid: true, expires at: 1736346953495
[debug] [2025-01-08T13:38:50.997Z] Checked if tokens are valid: true, expires at: 1736346953495
[debug] [2025-01-08T13:38:50.998Z] >>> [apiv2][query] GET https://serviceusage.googleapis.com/v1/projects/easylogin-12a15/services/sqladmin.googleapis.com [none]
[debug] [2025-01-08T13:38:50.998Z] >>> [apiv2][(partial)header] GET https://serviceusage.googleapis.com/v1/projects/easylogin-12a15/services/sqladmin.googleapis.com x-goog-quota-user=projects/easylogin-12a15
[debug] [2025-01-08T13:38:51.427Z] <<< [apiv2][status] GET https://serviceusage.googleapis.com/v1/projects/easylogin-12a15/services/sqladmin.googleapis.com 200
[debug] [2025-01-08T13:38:51.427Z] <<< [apiv2][body] GET https://serviceusage.googleapis.com/v1/projects/easylogin-12a15/services/sqladmin.googleapis.com [omitted]
[info] +  dataconnect: required API sqladmin.googleapis.com is enabled 
[info] +  Wrote dataconnect\dataconnect.yaml 
[info] +  Wrote dataconnect\schema\schema.gql 
[info] +  Wrote dataconnect\connector\connector.yaml 
[info] +  Wrote dataconnect\connector\queries.gql 
[info] +  Wrote dataconnect\connector\mutations.gql 
[info] +  Detected WEB app in directory C:\vs code\project\frontend 
[info] i  Wrote new config to C:\vs code\project\frontend\dataconnect\connector/connector.yaml 
[info] i  dataconnect: downloading dataconnect-emulator-1.7.5.exe... {"metadata":{"emulator":{"name":"dataconnect"},"message":"downloading dataconnect-emulator-1.7.5.exe..."}}
[debug] [2025-01-08T13:38:51.452Z] >>> [apiv2][query] GET https://storage.googleapis.com/firemat-preview-drop/emulator/dataconnect-emulator-windows-v1.7.5 
[debug] [2025-01-08T13:38:51.736Z] <<< [apiv2][status] GET https://storage.googleapis.com/firemat-preview-drop/emulator/dataconnect-emulator-windows-v1.7.5 200
[debug] [2025-01-08T13:38:51.737Z] <<< [apiv2][body] GET https://storage.googleapis.com/firemat-preview-drop/emulator/dataconnect-emulator-windows-v1.7.5 [stream]
[info] I0108 22:38:53.722195   15196 codegen.go:82] [connector "default" javascriptSdk] Generating sources into "C:\\vs code\\project\\frontend\\dataconnect-generated\\js\\default-connector"
I0108 22:38:53.816672   15196 generate.go:40] Generated all sources. Writing them to disk...
I0108 22:38:53.819801   15196 collector.go:107] connector "default" javascriptSdk wrote into "C:\\vs code\\project\\frontend\\dataconnect-generated\\js\\default-connector"
Generated sources: index.d.ts [264B] esm\index.esm.js [181B] esm\package.json [17B] index.cjs.js [222B] package.json [634B] 
I0108 22:38:53.837925   15196 installsdk.go:76] Running command: C:\Program Files\nodejs\npm.cmd install file:dataconnect-generated\js\default-connector

[info] i  Generated SDK code for default 
[info] +  If you'd like to add more generated SDKs to your app your later, run firebase init dataconnect:sdk again 
[info] i  If you'd like to provision a CloudSQL Postgres instance on the Firebase Data Connect no-cost trial:
1. Please upgrade to the pay-as-you-go (Blaze) billing plan. Visit the following page:
     https://console.firebase.google.com/project/easylogin-12a15/usage/details
2. Run firebase init dataconnect again to configure the Cloud SQL instance.
3. Run firebase deploy --only dataconnect to deploy your Data Connect service. 
[info] 
=== Hosting Setup
[debug] [2025-01-08T13:38:56.362Z] Checked if tokens are valid: true, expires at: 1736346953495
[debug] [2025-01-08T13:38:56.362Z] Checked if tokens are valid: true, expires at: 1736346953495
[debug] [2025-01-08T13:38:56.363Z] >>> [apiv2][query] GET https://firebase.googleapis.com/v1beta1/projects/easylogin-12a15 [none]
[debug] [2025-01-08T13:38:56.792Z] <<< [apiv2][status] GET https://firebase.googleapis.com/v1beta1/projects/easylogin-12a15 200
[debug] [2025-01-08T13:38:56.792Z] <<< [apiv2][body] GET https://firebase.googleapis.com/v1beta1/projects/easylogin-12a15 {"projectId":"easylogin-12a15","projectNumber":"174646514537","displayName":"easylogin","name":"projects/easylogin-12a15","resources":{"hostingSite":"easylogin-12a15"},"state":"ACTIVE","etag":"1_91e364c8-31f2-445e-ab50-7891d235be45"}
[info] 
[info] Your public directory is the folder (relative to your project directory) that
[info] will contain Hosting assets to be uploaded with firebase deploy. If you
[info] have a build process for your assets, use your build's output directory.
[info] 
[debug] [2025-01-08T13:39:18.739Z] >>> [apiv2][query] GET https://www.gstatic.com/firebasejs/releases.json [none]
[debug] [2025-01-08T13:39:18.971Z] <<< [apiv2][status] GET https://www.gstatic.com/firebasejs/releases.json 200
[debug] [2025-01-08T13:39:18.971Z] <<< [apiv2][body] GET https://www.gstatic.com/firebasejs/releases.json {"current":{"version":"11.1.0","browserURL":"https://www.gstatic.com/firebasejs/11.1.0/firebase.js","packageURL":"https://www.gstatic.com/firebasejs/11.1.0/firebase.tgz"},"live":{"version":"11.1","browserURL":"https://www.gstatic.com/firebasejs/live/11.1/firebase.js","packageURL":"https://www.gstatic.com/firebasejs/live/11.1/firebase.tgz"},"components":{"analytics":"https://www.gstatic.com/firebasejs/11.1.0/firebase-analytics.js","app":"https://www.gstatic.com/firebasejs/11.1.0/firebase-app.js","app-check":"https://www.gstatic.com/firebasejs/11.1.0/firebase-app-check.js","auth":"https://www.gstatic.com/firebasejs/11.1.0/firebase-auth.js","auth/cordova":"https://www.gstatic.com/firebasejs/11.1.0/firebase-auth/cordova.js","auth/web-extension":"https://www.gstatic.com/firebasejs/11.1.0/firebase-auth/web-extension.js","functions":"https://www.gstatic.com/firebasejs/11.1.0/firebase-functions.js","firestore":"https://www.gstatic.com/firebasejs/11.1.0/firebase-firestore.js","firestore/lite":"https://www.gstatic.com/firebasejs/11.1.0/firebase-firestore/lite.js","installations":"https://www.gstatic.com/firebasejs/11.1.0/firebase-installations.js","storage":"https://www.gstatic.com/firebasejs/11.1.0/firebase-storage.js","performance":"https://www.gstatic.com/firebasejs/11.1.0/firebase-performance.js","remote-config":"https://www.gstatic.com/firebasejs/11.1.0/firebase-remote-config.js","messaging":"https://www.gstatic.com/firebasejs/11.1.0/firebase-messaging.js","messaging/sw":"https://www.gstatic.com/firebasejs/11.1.0/firebase-messaging/sw.js","database":"https://www.gstatic.com/firebasejs/11.1.0/firebase-database.js","vertexai":"https://www.gstatic.com/firebasejs/11.1.0/firebase-vertexai.js","data-connect":"https://www.gstatic.com/firebasejs/11.1.0/firebase-data-connect.js","firestore.memory":"https://www.gstatic.com/firebasejs/11.1.0/firebase-firestore.memory.js"}}
[info] +  Wrote public/index.html 
[info] 
[info] i  Detected a .git folder at C:\vs code\project 
[info] i  Authorizing with GitHub to upload your service account to a GitHub repository's secrets store. 
[info] 
[info] Visit this URL on this device to log in:
[info] https://github.com/login/oauth/authorize?client_id=89cf50f02ac6aaed3484&state=401665656&redirect_uri=http%3A%2F%2Flocalhost%3A9005&scope=read%3Auser%20repo%20public_repo
[info] 
[info] Waiting for authentication...
[debug] [2025-01-08T13:39:32.288Z] >>> [apiv2][query] POST https://github.com/login/oauth/access_token [none]
[debug] [2025-01-08T13:39:32.288Z] >>> [apiv2][body] POST https://github.com/login/oauth/access_token [stream]
[debug] [2025-01-08T13:39:32.589Z] <<< [apiv2][status] POST https://github.com/login/oauth/access_token 200
[debug] [2025-01-08T13:39:32.589Z] <<< [apiv2][body] POST https://github.com/login/oauth/access_token {"access_token":"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","token_type":"bearer","scope":"read:user,repo"}
[debug] [2025-01-08T13:39:32.593Z] >>> [apiv2][query] GET https://api.github.com/user [none]
[debug] [2025-01-08T13:39:32.904Z] <<< [apiv2][status] GET https://api.github.com/user 200
[debug] [2025-01-08T13:39:32.904Z] <<< [apiv2][body] GET https://api.github.com/user {"login":"whenmake","id":193021588,"node_id":"U_kgDOC4FGlA","avatar_url":"https://avatars.githubusercontent.com/u/193021588?v=4","gravatar_id":"","url":"https://api.github.com/users/whenmake","html_url":"https://github.com/whenmake","followers_url":"https://api.github.com/users/whenmake/followers","following_url":"https://api.github.com/users/whenmake/following{/other_user}","gists_url":"https://api.github.com/users/whenmake/gists{/gist_id}","starred_url":"https://api.github.com/users/whenmake/starred{/owner}{/repo}","subscriptions_url":"https://api.github.com/users/whenmake/subscriptions","organizations_url":"https://api.github.com/users/whenmake/orgs","repos_url":"https://api.github.com/users/whenmake/repos","events_url":"https://api.github.com/users/whenmake/events{/privacy}","received_events_url":"https://api.github.com/users/whenmake/received_events","type":"User","user_view_type":"private","site_admin":false,"name":null,"company":null,"blog":"","location":null,"email":null,"hireable":null,"bio":null,"twitter_username":null,"notification_email":null,"public_repos":3,"public_gists":0,"followers":0,"following":0,"created_at":"2024-12-27T22:45:18Z","updated_at":"2024-12-27T22:45:39Z","private_gists":0,"total_private_repos":0,"owned_private_repos":0,"disk_usage":0,"collaborators":0,"two_factor_authentication":false,"plan":{"name":"free","space":976562499,"collaborators":0,"private_repos":10000}}
[info] 
[info] +  Success! Logged into GitHub as whenmake 
[info] 
[debug] [2025-01-08T13:43:00.685Z] >>> [apiv2][query] GET https://api.github.com/repos//actions/secrets/public-key type=owner
[debug] [2025-01-08T13:43:00.944Z] <<< [apiv2][status] GET https://api.github.com/repos//actions/secrets/public-key 404
[debug] [2025-01-08T13:43:00.944Z] <<< [apiv2][body] GET https://api.github.com/repos//actions/secrets/public-key {"message":"Not Found","documentation_url":"https://docs.github.com/rest","status":"404"}
[info] 
[info] 
[error] !  The provided authorization cannot be used with this repository. If this repository is in an organization, did you remember to grant access? 
[info] 
[info] i  Action required: Visit this URL to ensure access has been granted to the appropriate organization(s) for the Firebase CLI GitHub OAuth App: 
[info] https://github.com/settings/connections/applications/89cf50f02ac6aaed3484
[info] 
[debug] [2025-01-11T02:09:46.156Z] >>> [apiv2][query] GET https://api.github.com/repos//actions/secrets/public-key type=owner
[debug] [2025-01-11T02:09:46.422Z] <<< [apiv2][status] GET https://api.github.com/repos//actions/secrets/public-key 404
[debug] [2025-01-11T02:09:46.422Z] <<< [apiv2][body] GET https://api.github.com/repos//actions/secrets/public-key {"message":"Not Found","documentation_url":"https://docs.github.com/rest","status":"404"}
[info] 
[info] 
[error] !  The provided authorization cannot be used with this repository. If this repository is in an organization, did you remember to grant access? 
[info] 
[info] i  Action required: Visit this URL to ensure access has been granted to the appropriate organization(s) for the Firebase CLI GitHub OAuth App: 
[info] https://github.com/settings/connections/applications/89cf50f02ac6aaed3484
[info] 
[debug] [2025-01-11T02:10:18.867Z] >>> [apiv2][query] GET https://api.github.com/repos/user/repository/actions/secrets/public-key type=owner
[debug] [2025-01-11T02:10:19.131Z] <<< [apiv2][status] GET https://api.github.com/repos/user/repository/actions/secrets/public-key 404
[debug] [2025-01-11T02:10:19.131Z] <<< [apiv2][body] GET https://api.github.com/repos/user/repository/actions/secrets/public-key {"message":"Not Found","documentation_url":"https://docs.github.com/rest/actions/secrets#get-a-repository-public-key","status":"404"}
[info] 
[info] 
[error] !  The provided authorization cannot be used with this repository. If this repository is in an organization, did you remember to grant access? 
[info] 
[info] i  Action required: Visit this URL to ensure access has been granted to the appropriate organization(s) for the Firebase CLI GitHub OAuth App: 
[info] https://github.com/settings/connections/applications/89cf50f02ac6aaed3484
[info] 
